e:\screengif\obj\mousehook.pch
e:\screengif\obj\vc120.pdb
e:\screengif\obj\stdafx.obj
e:\screengif\obj\mousemessage.obj
e:\screengif\obj\mouse.obj
e:\screengif\screengif\bin\mousehook.dll
e:\screengif\obj\mousehook.pdb
e:\screengif\screengif\lib\mousehook.lib
e:\screengif\screengif\lib\mousehook.exp
e:\screengif\obj\mousemessage.res
e:\screengif\obj\allscreendlg.obj
e:\screengif\obj\gif.obj
e:\screengif\obj\globaldata.obj
e:\screengif\obj\regiondlg.obj
e:\screengif\obj\screengif.obj
e:\screengif\obj\screengifdlg.obj
e:\screengif\obj\screengif.res
e:\screengif\obj\screengif.pch
e:\screengif\obj\screengif.pdb
e:\screengif\screengif\screengif\mousemessage\../../bin\mousehook.dll
e:\screengif\obj\mousemessage.tlog\cl.command.1.tlog
e:\screengif\obj\mousemessage.tlog\cl.read.1.tlog
e:\screengif\obj\mousemessage.tlog\cl.write.1.tlog
e:\screengif\obj\mousemessage.tlog\link.command.1.tlog
e:\screengif\obj\mousemessage.tlog\link.read.1.tlog
e:\screengif\obj\mousemessage.tlog\link.write.1.tlog
e:\screengif\obj\mousemessage.tlog\mousemessage.write.1u.tlog
e:\screengif\obj\mousemessage.tlog\rc.command.1.tlog
e:\screengif\obj\mousemessage.tlog\rc.read.1.tlog
e:\screengif\obj\mousemessage.tlog\rc.write.1.tlog
