e:\screengif\obj\screengif.pch
e:\screengif\obj\vc120.pdb
e:\screengif\obj\vc120.idb
e:\screengif\obj\stdafx.obj
e:\screengif\obj\allscreendlg.obj
e:\screengif\obj\gif.obj
e:\screengif\obj\globaldata.obj
e:\screengif\obj\regiondlg.obj
e:\screengif\obj\screengif.obj
e:\screengif\obj\screengifdlg.obj
e:\screengif\obj\wellcompage.obj
e:\screengif\screengif\bin\screengif.ilk
e:\screengif\screengif\bin\screengif.exe
e:\screengif\obj\screengif.pdb
e:\screengif\obj\screengif.res
e:\screengif\obj\screengif.tlog\cl.command.1.tlog
e:\screengif\obj\screengif.tlog\cl.read.1.tlog
e:\screengif\obj\screengif.tlog\cl.write.1.tlog
e:\screengif\obj\screengif.tlog\link.command.1.tlog
e:\screengif\obj\screengif.tlog\link.read.1.tlog
e:\screengif\obj\screengif.tlog\link.write.1.tlog
e:\screengif\obj\screengif.tlog\rc.command.1.tlog
e:\screengif\obj\screengif.tlog\rc.read.1.tlog
e:\screengif\obj\screengif.tlog\rc.write.1.tlog
