生成启动时间为 2016/5/1 14:11:38。
     1>项目“E:\ScreenGif\ScreenGif\ScreenGif\ScreenGif\ScreenGif.vcxproj”在节点 2 上(Build 个目标)。
     1>C:\Program Files (x86)\MSBuild\Microsoft.Cpp\v4.0\V120\Microsoft.CppBuild.targets(381,5): warning MSB8028: The intermediate directory (../../../Obj/) contains files shared from another project (MouseMessage.vcxproj).  This can lead to incorrect clean and rebuild behavior.
     1>ClCompile:
         D:\Program Files (x86)\Visual Studio\VC\bin\CL.exe /c /Zi /nologo /W3 /WX- /sdl /O2 /Oi /Oy- /GL /D WIN32 /D _WINDOWS /D NDEBUG /D _UNICODE /D UNICODE /Gm- /EHsc /MT /GS /Gy /fp:precise /Zc:wchar_t /Zc:forScope /Yu"stdafx.h" /Fp"../../../Obj/ScreenGif.pch" /Fo"../../../Obj/" /Fd"../../../Obj/vc120.pdb" /Gd /TP /analyze- /errorReport:prompt RegionDlg.cpp
         RegionDlg.cpp
     1>C:\Program Files (x86)\MSBuild\Microsoft.Cpp\v4.0\V120\Microsoft.CppBuild.targets(1186,5): warning MSB8012: TargetPath(E:\ScreenGif\ScreenGif\ScreenGif\ScreenGif\../../../Obj/ScreenGif.exe) does not match the Linker's OutputFile property value (E:\ScreenGif\ScreenGif\bin\ScreenGifRelease.exe). This may cause your project to build incorrectly. To correct this, please make sure that $(OutDir), $(TargetName) and $(TargetExt) property values match the value specified in %(Link.OutputFile).
     1>C:\Program Files (x86)\MSBuild\Microsoft.Cpp\v4.0\V120\Microsoft.CppBuild.targets(1188,5): warning MSB8012: TargetName(ScreenGif) does not match the Linker's OutputFile property value (ScreenGifRelease). This may cause your project to build incorrectly. To correct this, please make sure that $(OutDir), $(TargetName) and $(TargetExt) property values match the value specified in %(Link.OutputFile).
       Link:
         D:\Program Files (x86)\Visual Studio\VC\bin\link.exe /ERRORREPORT:PROMPT /OUT:"../../bin/ScreenGifRelease.exe" /INCREMENTAL:NO /NOLOGO /MANIFEST /MANIFESTUAC:"level='asInvoker' uiAccess='false'" /manifest:embed /manifestinput:"D:\Program Files (x86)\Visual Studio\VC\Include\Manifest\dpiaware.manifest" /DEBUG /PDB:"../../../Obj/ScreenGif.pdb" /SUBSYSTEM:WINDOWS /OPT:REF /OPT:ICF /LTCG /TLBID:1 /ENTRY:"wWinMainCRTStartup" /DYNAMICBASE /NXCOMPAT /IMPLIB:"../../../Obj/ScreenGif.lib" /MACHINE:X86 /SAFESEH ../../../Obj/ScreenGif.res
         ../../../Obj/AllScreenDlg.obj
         ../../../Obj/Gif.obj
         ../../../Obj/GlobalData.obj
         ../../../Obj/RegionDlg.obj
         ../../../Obj/ScreenGif.obj
         ../../../Obj/ScreenGifDlg.obj
         ../../../Obj/stdafx.obj
         ../../../Obj/WellcomPage.obj
         正在生成代码
         已完成代码的生成
         ScreenGif.vcxproj -> E:\ScreenGif\ScreenGif\ScreenGif\ScreenGif\../../../Obj/ScreenGif.exe
     1>已完成生成项目“E:\ScreenGif\ScreenGif\ScreenGif\ScreenGif\ScreenGif.vcxproj”(Build 个目标)的操作。

生成成功。

已用时间 00:00:14.19
